<?xml version="1.0" encoding="UTF-8"?>
<testng-results ignored="0" total="0" passed="0" failed="0" skipped="0">
  <reporter-output>
  </reporter-output>
  <suite started-at="2024-03-27T22:59:06 WIB" name="Surefire suite" finished-at="2024-03-27T22:59:06 WIB" duration-ms="10">
    <groups>
    </groups>
    <test started-at="2024-03-27T22:59:06 WIB" name="Surefire test" finished-at="2024-03-27T22:59:06 WIB" duration-ms="10">
    </test> <!-- Surefire test -->
  </suite> <!-- Surefire suite -->
</testng-results>
